#
# A fatal error has been detected by the Java Runtime Environment:
#
#  EXCEPTION_ACCESS_VIOLATION (0xc0000005) at pc=0x000000005c9e0a52, pid=5200, tid=0x0000000000001790
#
# JRE version: Java(TM) SE Runtime Environment (8.0_181-b13) (build 1.8.0_181-b13)
# Java VM: Java HotSpot(TM) 64-Bit Server VM (25.181-b13 mixed mode windows-amd64 compressed oops)
# Problematic frame:
# V  [jvm.dll+0xb0a52]
#
# Failed to write core dump. Minidumps are not enabled by default on client versions of Windows
#
# If you would like to submit a bug report, please visit:
#   http://bugreport.java.com/bugreport/crash.jsp
#

---------------  T H R E A D  ---------------

Current thread (0x0000000002fca800):  GCTaskThread [stack: 0x0000000013080000,0x0000000013180000] [id=6032]

siginfo: ExceptionCode=0xc0000005, reading address 0x00000000000000e8

Registers:
RAX=0x0000000000000000, RBX=0x00000007b7db7e70, RCX=0x00000007c0000060, RDX=0x00000007b7db7e70
RSP=0x000000001317fb18, RBP=0x0000000000000000, RSI=0x000000001a1e5380, RDI=0x00004ada00001ca2
R8 =0x0000000000000000, R9 =0x00000007c0000060, R10=0x0000000000000008, R11=0x00000007aea07a40
R12=0x000000005cf8a2d8, R13=0x0000000000000021, R14=0x0000000000000000, R15=0x0000000002fcacd0
RIP=0x000000005c9e0a52, EFLAGS=0x0000000000010246

Top of Stack: (sp=0x000000001317fb18)
0x000000001317fb18:   000000005cd32ed2 00000007b7db7e58
0x000000001317fb28:   0000000000000003 000000001a1e5380
0x000000001317fb38:   00007ffc50588ba3 00000007ae9ffa50
0x000000001317fb48:   0000000000001000 000000070a638470
0x000000001317fb58:   0000000000000400 0000000000000000
0x000000001317fb68:   0000000002fbe701 000000005cf8a2d8
0x000000001317fb78:   000000005cd33240 00000007aea05a3c
0x000000001317fb88:   0000000000000000 000000001a1e5380
0x000000001317fb98:   00004ada00001ca2 00000007aea05a3c
0x000000001317fba8:   000000005cd33c15 0000000000000025
0x000000001317fbb8:   000000005cf8a2d8 00000007ae536498
0x000000001317fbc8:   000000005cd33151 00004ada00001ca2
0x000000001317fbd8:   0000000000000006 000000001a1e5380
0x000000001317fbe8:   00004ada00001ca2 00000007ad69a608
0x000000001317fbf8:   00004ad900001ca2 00002f2f00001afb
0x000000001317fc08:   00002344000017d3 0000000002fcacc0 

Instructions: (pc=0x000000005c9e0a52)
0x000000005c9e0a32:   e2 49 8d 0c 11 49 f7 d1 48 03 c1 49 c1 e9 03 48
0x000000005c9e0a42:   c1 e8 03 41 23 c1 c3 48 8b 02 48 8b d1 49 8b c9
0x000000005c9e0a52:   48 ff a0 e8 00 00 00 cc cc cc cc cc cc cc 80 3d
0x000000005c9e0a62:   0a 2f 76 00 00 48 8b c1 74 1b 8b 51 08 8b 0d f3 


Register to memory mapping:

RAX=0x0000000000000000 is an unknown value
RBX=0x00000007b7db7e70 is an oop

[error occurred during error reporting (printing register info), id 0xc0000005]

Stack: [0x0000000013080000,0x0000000013180000],  sp=0x000000001317fb18,  free space=1022k
Native frames: (J=compiled Java code, j=interpreted, Vv=VM code, C=native code)


---------------  P R O C E S S  ---------------

Java Threads: ( => current thread )
  0x0000000020c88000 JavaThread "Task worker for ':' Thread 3" [_thread_blocked, id=6400, stack(0x0000000028890000,0x0000000028990000)]
  0x0000000020c8f000 JavaThread "Task worker for ':' Thread 2" [_thread_blocked, id=1204, stack(0x0000000028790000,0x0000000028890000)]
  0x0000000020c87000 JavaThread "Task worker for ':'" [_thread_blocked, id=6004, stack(0x0000000028690000,0x0000000028790000)]
  0x0000000020c8c800 JavaThread "Cache worker for Build Output Cleanup Cache (C:\Users\Diyng\Documents\GitHub\Official-Rocan-Devlopment\.gradle\buildOutputCleanup)" [_thread_blocked, id=4324, stack(0x0000000027530000,0x0000000027630000)]
  0x0000000020c8b000 JavaThread "Cache worker for task history cache (C:\Users\Diyng\Documents\GitHub\Official-Rocan-Devlopment\.gradle\4.8.1\taskHistory)" [_thread_blocked, id=7068, stack(0x0000000025db0000,0x0000000025eb0000)]
  0x0000000020c89000 JavaThread "Cache worker for file content cache (C:\Users\Diyng\Documents\GitHub\Official-Rocan-Devlopment\.gradle\4.8.1\fileContent)" [_thread_blocked, id=4764, stack(0x00000000256b0000,0x00000000257b0000)]
  0x0000000020c8a800 JavaThread "Keep-Alive-Timer" daemon [_thread_blocked, id=7324, stack(0x0000000024fb0000,0x00000000250b0000)]
  0x0000000020c8c000 JavaThread "Build operations Thread 4" [_thread_blocked, id=4460, stack(0x0000000024c90000,0x0000000024d90000)]
  0x0000000020c8e000 JavaThread "Build operations Thread 3" [_thread_blocked, id=7028, stack(0x0000000024b90000,0x0000000024c90000)]
  0x0000000020c89800 JavaThread "Build operations Thread 2" [_thread_blocked, id=6552, stack(0x0000000024190000,0x0000000024290000)]
  0x0000000020c8d800 JavaThread "Build operations" [_thread_blocked, id=5440, stack(0x0000000023e90000,0x0000000023f90000)]
  0x0000000020c7f800 JavaThread "Cache worker for Artifact transforms cache (C:\Users\Diyng\.gradle\caches\transforms-1)" [_thread_blocked, id=104, stack(0x000000001fec0000,0x000000001ffc0000)]
  0x0000000020c85800 JavaThread "Cache worker for file hash cache (C:\Users\Diyng\Documents\GitHub\Official-Rocan-Devlopment\.gradle\4.8.1\fileHashes)" [_thread_blocked, id=5472, stack(0x000000001e9f0000,0x000000001eaf0000)]
  0x0000000020c86800 JavaThread "Stdin handler" [_thread_blocked, id=1856, stack(0x000000001e8f0000,0x000000001e9f0000)]
  0x0000000020c83800 JavaThread "Asynchronous log dispatcher for DefaultDaemonConnection: socket connection from /127.0.0.1:62344 to /127.0.0.1:52347" [_thread_blocked, id=8840, stack(0x000000001e7f0000,0x000000001e8f0000)]
  0x0000000020c80800 JavaThread "Daemon worker Thread 3" [_thread_blocked, id=1048, stack(0x000000001e6f0000,0x000000001e7f0000)]
  0x0000000020c84000 JavaThread "Cancel handler" [_thread_blocked, id=5024, stack(0x000000001e3f0000,0x000000001e4f0000)]
  0x0000000020c85000 JavaThread "Handler for socket connection from /127.0.0.1:62344 to /127.0.0.1:52347" [_thread_in_native, id=300, stack(0x000000001e2f0000,0x000000001e3f0000)]
  0x0000000020c82800 JavaThread "Daemon Thread 3" [_thread_blocked, id=4876, stack(0x00000000013d0000,0x00000000014d0000)]
  0x000000001d41d800 JavaThread "Memory manager" [_thread_blocked, id=1972, stack(0x0000000022600000,0x0000000022700000)]
  0x000000001d422800 JavaThread "File lock request listener" [_thread_in_native, id=7924, stack(0x000000001fdc0000,0x000000001fec0000)]
  0x000000001d422000 JavaThread "Cache worker for file hash cache (C:\Users\Diyng\.gradle\caches\4.8.1\fileHashes)" [_thread_blocked, id=2796, stack(0x000000001fcc0000,0x000000001fdc0000)]
  0x000000001beea000 JavaThread "Daemon periodic checks" [_thread_blocked, id=5252, stack(0x000000001e1f0000,0x000000001e2f0000)]
  0x000000001bee9000 JavaThread "Incoming local TCP Connector on port 62344" [_thread_in_native, id=5648, stack(0x000000001df90000,0x000000001e090000)]
  0x000000001d1ec800 JavaThread "Daemon health stats" [_thread_blocked, id=8168, stack(0x000000001d950000,0x000000001da50000)]
  0x000000001bba8800 JavaThread "Service Thread" daemon [_thread_blocked, id=4624, stack(0x000000001bf80000,0x000000001c080000)]
  0x000000001a22b000 JavaThread "C1 CompilerThread2" daemon [_thread_blocked, id=8252, stack(0x000000001ba80000,0x000000001bb80000)]
  0x000000001a225000 JavaThread "C2 CompilerThread1" daemon [_thread_blocked, id=7904, stack(0x000000001b980000,0x000000001ba80000)]
  0x000000001a21d800 JavaThread "C2 CompilerThread0" daemon [_thread_blocked, id=2680, stack(0x000000001b880000,0x000000001b980000)]
  0x000000001a21c000 JavaThread "Attach Listener" daemon [_thread_blocked, id=6624, stack(0x000000001b780000,0x000000001b880000)]
  0x000000001a21a800 JavaThread "Signal Dispatcher" daemon [_thread_blocked, id=1752, stack(0x000000001b680000,0x000000001b780000)]
  0x00000000030ac000 JavaThread "Finalizer" daemon [_thread_blocked, id=7596, stack(0x000000001b470000,0x000000001b570000)]
  0x00000000030a3000 JavaThread "Reference Handler" daemon [_thread_blocked, id=2684, stack(0x000000001b370000,0x000000001b470000)]
  0x0000000002dee000 JavaThread "main" [_thread_blocked, id=5152, stack(0x0000000002eb0000,0x0000000002fb0000)]

Other Threads:
  0x000000001a1e8000 VMThread [stack: 0x000000001b270000,0x000000001b370000] [id=6948]
  0x000000001a27d800 WatcherThread [stack: 0x000000001c080000,0x000000001c180000] [id=8096]

=>0x0000000002fca800 (exited) GCTaskThread [stack: 0x0000000013080000,0x0000000013180000] [id=6032]

VM state:at safepoint (normal execution)

VM Mutex/Monitor currently owned by a thread:  ([mutex/lock_event])
[0x0000000002decfa0] Threads_lock - owner thread: 0x000000001a1e8000
[0x0000000002ded120] Heap_lock - owner thread: 0x0000000020c8f000

Heap:
 PSYoungGen      total 841728K, used 796371K [0x0000000780000000, 0x00000007bd580000, 0x00000007c0000000)
  eden space 709120K, 100% used [0x0000000780000000,0x00000007ab480000,0x00000007ab480000)
  from space 132608K, 65% used [0x00000007b3e00000,0x00000007b9334fd8,0x00000007bbf80000)
  to   space 140800K, 61% used [0x00000007ab480000,0x00000007b08cbac0,0x00000007b3e00000)
 ParOldGen       total 830976K, used 788933K [0x0000000700000000, 0x0000000732b80000, 0x0000000780000000)
  object space 830976K, 94% used [0x0000000700000000,0x00000007302714f8,0x0000000732b80000)
 Metaspace       used 65473K, capacity 67152K, committed 67368K, reserved 1107968K
  class space    used 8804K, capacity 9259K, committed 9264K, reserved 1048576K

Card table byte_map: [0x0000000012470000,0x0000000012a80000] byte_map_base: 0x000000000ec70000

Marking Bits: (ParMarkBitMap*) 0x000000005d152d00
 Begin Bits: [0x0000000013280000, 0x0000000016280000)
 End Bits:   [0x0000000016280000, 0x0000000019280000)

Polling page: 0x0000000001500000

CodeCache: size=245760Kb used=34066Kb max_used=34077Kb free=211694Kb
 bounds [0x00000000030b0000, 0x0000000005240000, 0x00000000120b0000]
 total_blobs=10461 nmethods=9668 adapters=704
 compilation: enabled

Compilation events (10 events):
Event: 914.347 Thread 0x000000001a225000 12579   !   4       net.minecraftforge.gradle.common.Constants::hashZip (220 bytes)
Event: 914.394 Thread 0x000000001a225000 nmethod 12579 0x000000000522cc90 code [0x000000000522d020, 0x000000000522eb40]
Event: 914.585 Thread 0x000000001a22b000 12580       3       org.gradle.api.internal.tasks.properties.PropertyVisitor$Adapter::visitOutputFileProperty (1 bytes)
Event: 914.585 Thread 0x000000001a22b000 nmethod 12580 0x000000000521c050 code [0x000000000521c1a0, 0x000000000521c2f0]
Event: 918.786 Thread 0x000000001a22b000 12582       3       com.sun.crypto.provider.GHASH::update (60 bytes)
Event: 918.787 Thread 0x000000001a22b000 nmethod 12582 0x0000000005219710 code [0x00000000052198c0, 0x0000000005219d48]
Event: 921.486 Thread 0x000000001a22b000 12583       3       com.google.common.collect.AbstractMultimap::remove (34 bytes)
Event: 921.487 Thread 0x000000001a22b000 nmethod 12583 0x00000000044c6710 code [0x00000000044c68a0, 0x00000000044c6de8]
Event: 921.488 Thread 0x000000001a21d800 12584       4       java.io.ObjectOutputStream$BlockDataOutputStream::drain (45 bytes)
Event: 921.489 Thread 0x000000001a21d800 nmethod 12584 0x0000000005219390 code [0x00000000052194e0, 0x00000000052195a8]

GC Heap History (10 events):
Event: 72.032 GC heap after
Heap after GC invocations=41 (full 3):
 PSYoungGen      total 685056K, used 448K [0x0000000780000000, 0x00000007b0480000, 0x00000007c0000000)
  eden space 602624K, 0% used [0x0000000780000000,0x0000000780000000,0x00000007a4c80000)
  from space 82432K, 0% used [0x00000007ab400000,0x00000007ab470000,0x00000007b0480000)
  to   space 94208K, 0% used [0x00000007a4c80000,0x00000007a4c80000,0x00000007aa880000)
 ParOldGen       total 211968K, used 170153K [0x0000000700000000, 0x000000070cf00000, 0x0000000780000000)
  object space 211968K, 80% used [0x0000000700000000,0x000000070a62a470,0x000000070cf00000)
 Metaspace       used 46323K, capacity 47204K, committed 47528K, reserved 1089536K
  class space    used 6496K, capacity 6786K, committed 6832K, reserved 1048576K
}
Event: 84.030 GC heap before
{Heap before GC invocations=42 (full 3):
 PSYoungGen      total 685056K, used 603072K [0x0000000780000000, 0x00000007b0480000, 0x00000007c0000000)
  eden space 602624K, 100% used [0x0000000780000000,0x00000007a4c80000,0x00000007a4c80000)
  from space 82432K, 0% used [0x00000007ab400000,0x00000007ab470000,0x00000007b0480000)
  to   space 94208K, 0% used [0x00000007a4c80000,0x00000007a4c80000,0x00000007aa880000)
 ParOldGen       total 211968K, used 170153K [0x0000000700000000, 0x000000070cf00000, 0x0000000780000000)
  object space 211968K, 80% used [0x0000000700000000,0x000000070a62a470,0x000000070cf00000)
 Metaspace       used 52547K, capacity 53516K, committed 53672K, reserved 1095680K
  class space    used 7230K, capacity 7546K, committed 7600K, reserved 1048576K
Event: 84.170 GC heap after
Heap after GC invocations=42 (full 3):
 PSYoungGen      total 696832K, used 70648K [0x0000000780000000, 0x00000007b5780000, 0x00000007c0000000)
  eden space 602624K, 0% used [0x0000000780000000,0x0000000780000000,0x00000007a4c80000)
  from space 94208K, 74% used [0x00000007a4c80000,0x00000007a917e088,0x00000007aa880000)
  to   space 104448K, 0% used [0x00000007af180000,0x00000007af180000,0x00000007b5780000)
 ParOldGen       total 211968K, used 170161K [0x0000000700000000, 0x000000070cf00000, 0x0000000780000000)
  object space 211968K, 80% used [0x0000000700000000,0x000000070a62c470,0x000000070cf00000)
 Metaspace       used 52547K, capacity 53516K, committed 53672K, reserved 1095680K
  class space    used 7230K, capacity 7546K, committed 7600K, reserved 1048576K
}
Event: 913.932 GC heap before
{Heap before GC invocations=43 (full 3):
 PSYoungGen      total 696832K, used 673272K [0x0000000780000000, 0x00000007b5780000, 0x00000007c0000000)
  eden space 602624K, 100% used [0x0000000780000000,0x00000007a4c80000,0x00000007a4c80000)
  from space 94208K, 74% used [0x00000007a4c80000,0x00000007a917e088,0x00000007aa880000)
  to   space 104448K, 0% used [0x00000007af180000,0x00000007af180000,0x00000007b5780000)
 ParOldGen       total 211968K, used 170161K [0x0000000700000000, 0x000000070cf00000, 0x0000000780000000)
  object space 211968K, 80% used [0x0000000700000000,0x000000070a62c470,0x000000070cf00000)
 Metaspace       used 65334K, capacity 67018K, committed 67112K, reserved 1107968K
  class space    used 8790K, capacity 9242K, committed 9264K, reserved 1048576K
Event: 914.041 GC heap after
Heap after GC invocations=43 (full 3):
 PSYoungGen      total 754176K, used 96214K [0x0000000780000000, 0x00000007b6f80000, 0x00000007c0000000)
  eden space 649728K, 0% used [0x0000000780000000,0x0000000780000000,0x00000007a7a80000)
  from space 104448K, 92% used [0x00000007af180000,0x00000007b4f75b30,0x00000007b5780000)
  to   space 121856K, 0% used [0x00000007a7a80000,0x00000007a7a80000,0x00000007af180000)
 ParOldGen       total 211968K, used 170169K [0x0000000700000000, 0x000000070cf00000, 0x0000000780000000)
  object space 211968K, 80% used [0x0000000700000000,0x000000070a62e470,0x000000070cf00000)
 Metaspace       used 65334K, capacity 67018K, committed 67112K, reserved 1107968K
  class space    used 8790K, capacity 9242K, committed 9264K, reserved 1048576K
}
Event: 916.754 GC heap before
{Heap before GC invocations=44 (full 3):
 PSYoungGen      total 754176K, used 745942K [0x0000000780000000, 0x00000007b6f80000, 0x00000007c0000000)
  eden space 649728K, 100% used [0x0000000780000000,0x00000007a7a80000,0x00000007a7a80000)
  from space 104448K, 92% used [0x00000007af180000,0x00000007b4f75b30,0x00000007b5780000)
  to   space 121856K, 0% used [0x00000007a7a80000,0x00000007a7a80000,0x00000007af180000)
 ParOldGen       total 211968K, used 170169K [0x0000000700000000, 0x000000070cf00000, 0x0000000780000000)
  object space 211968K, 80% used [0x0000000700000000,0x000000070a62e470,0x000000070cf00000)
 Metaspace       used 65470K, capacity 67146K, committed 67368K, reserved 1107968K
  class space    used 8803K, capacity 9258K, committed 9264K, reserved 1048576K
Event: 916.842 GC heap after
Heap after GC invocations=44 (full 3):
 PSYoungGen      total 771584K, used 87347K [0x0000000780000000, 0x00000007bbf80000, 0x00000007c0000000)
  eden space 649728K, 0% used [0x0000000780000000,0x0000000780000000,0x00000007a7a80000)
  from space 121856K, 71% used [0x00000007a7a80000,0x00000007acfccca0,0x00000007af180000)
  to   space 132608K, 0% used [0x00000007b3e00000,0x00000007b3e00000,0x00000007bbf80000)
 ParOldGen       total 211968K, used 170177K [0x0000000700000000, 0x000000070cf00000, 0x0000000780000000)
  object space 211968K, 80% used [0x0000000700000000,0x000000070a630470,0x000000070cf00000)
 Metaspace       used 65470K, capacity 67146K, committed 67368K, reserved 1107968K
  class space    used 8803K, capacity 9258K, committed 9264K, reserved 1048576K
}
Event: 919.669 GC heap before
{Heap before GC invocations=45 (full 3):
 PSYoungGen      total 771584K, used 737075K [0x0000000780000000, 0x00000007bbf80000, 0x00000007c0000000)
  eden space 649728K, 100% used [0x0000000780000000,0x00000007a7a80000,0x00000007a7a80000)
  from space 121856K, 71% used [0x00000007a7a80000,0x00000007acfccca0,0x00000007af180000)
  to   space 132608K, 0% used [0x00000007b3e00000,0x00000007b3e00000,0x00000007bbf80000)
 ParOldGen       total 211968K, used 170177K [0x0000000700000000, 0x000000070cf00000, 0x0000000780000000)
  object space 211968K, 80% used [0x0000000700000000,0x000000070a630470,0x000000070cf00000)
 Metaspace       used 65470K, capacity 67146K, committed 67368K, reserved 1107968K
  class space    used 8803K, capacity 9258K, committed 9264K, reserved 1048576K
Event: 919.747 GC heap after
Heap after GC invocations=45 (full 3):
 PSYoungGen      total 841728K, used 87251K [0x0000000780000000, 0x00000007bd580000, 0x00000007c0000000)
  eden space 709120K, 0% used [0x0000000780000000,0x0000000780000000,0x00000007ab480000)
  from space 132608K, 65% used [0x00000007b3e00000,0x00000007b9334fd8,0x00000007bbf80000)
  to   space 140800K, 0% used [0x00000007ab480000,0x00000007ab480000,0x00000007b3e00000)
 ParOldGen       total 211968K, used 170185K [0x0000000700000000, 0x000000070cf00000, 0x0000000780000000)
  object space 211968K, 80% used [0x0000000700000000,0x000000070a632470,0x000000070cf00000)
 Metaspace       used 65470K, capacity 67146K, committed 67368K, reserved 1107968K
  class space    used 8803K, capacity 9258K, committed 9264K, reserved 1048576K
}
Event: 922.408 GC heap before
{Heap before GC invocations=46 (full 3):
 PSYoungGen      total 841728K, used 796371K [0x0000000780000000, 0x00000007bd580000, 0x00000007c0000000)
  eden space 709120K, 100% used [0x0000000780000000,0x00000007ab480000,0x00000007ab480000)
  from space 132608K, 65% used [0x00000007b3e00000,0x00000007b9334fd8,0x00000007bbf80000)
  to   space 140800K, 0% used [0x00000007ab480000,0x00000007ab480000,0x00000007b3e00000)
 ParOldGen       total 211968K, used 170185K [0x0000000700000000, 0x000000070cf00000, 0x0000000780000000)
  object space 211968K, 80% used [0x0000000700000000,0x000000070a632470,0x000000070cf00000)
 Metaspace       used 65473K, capacity 67152K, committed 67368K, reserved 1107968K
  class space    used 8804K, capacity 9259K, committed 9264K, reserved 1048576K

Deoptimization events (10 events):
Event: 912.481 Thread 0x0000000020c80800 Uncommon trap: reason=unstable_if action=reinterpret pc=0x00000000043d1e1c method=org.objectweb.asm.MethodVisitor.visitIntInsn(II)V @ 4
Event: 912.491 Thread 0x0000000020c80800 Uncommon trap: reason=bimorphic action=maybe_recompile pc=0x00000000050be520 method=java.nio.charset.CharsetEncoder.encode(Ljava/nio/CharBuffer;Ljava/nio/ByteBuffer;Z)Ljava/nio/charset/CoderResult; @ 57
Event: 913.783 Thread 0x0000000020c80800 Uncommon trap: reason=bimorphic action=maybe_recompile pc=0x000000000384e4e4 method=java.io.BufferedInputStream.read1([BII)I @ 39
Event: 913.786 Thread 0x0000000020c80800 Uncommon trap: reason=class_check action=maybe_recompile pc=0x000000000449d198 method=com.google.gson.reflect.TypeToken.<init>(Ljava/lang/reflect/Type;)V @ 9
Event: 914.041 Thread 0x00000000030a3000 Uncommon trap: reason=unstable_if action=reinterpret pc=0x0000000003645fb0 method=java.lang.ref.Reference.tryHandlePending(Z)Z @ 20
Event: 914.121 Thread 0x0000000020c80800 Uncommon trap: reason=array_check action=maybe_recompile pc=0x00000000051dd3b4 method=java.util.ComparableTimSort.reverseRange([Ljava/lang/Object;II)V @ 27
Event: 914.121 Thread 0x0000000020c80800 Uncommon trap: reason=array_check action=maybe_recompile pc=0x00000000051dd3b4 method=java.util.ComparableTimSort.reverseRange([Ljava/lang/Object;II)V @ 27
Event: 914.172 Thread 0x0000000020c80800 Uncommon trap: reason=null_check action=make_not_entrant pc=0x0000000003dc50c0 method=java.lang.ThreadLocal$ThreadLocalMap.getEntryAfterMiss(Ljava/lang/ThreadLocal;ILjava/lang/ThreadLocal$ThreadLocalMap$Entry;)Ljava/lang/ThreadLocal$ThreadLocalMap$Entry; 
Event: 914.192 Thread 0x0000000020c87000 Uncommon trap: reason=unstable_if action=reinterpret pc=0x000000000325a000 method=java.util.jar.JarOutputStream.putNextEntry(Ljava/util/zip/ZipEntry;)V @ 4
Event: 914.239 Thread 0x0000000020c80800 Uncommon trap: reason=array_check action=maybe_recompile pc=0x000000000338cc74 method=java.util.TimSort.reverseRange([Ljava/lang/Object;II)V @ 27

Classes redefined (0 events):
No events

Internal exceptions (10 events):
Event: 360.524 Thread 0x0000000021378000 Exception <a 'java/lang/NoSuchMethodError': <clinit>> (0x00000007a1c7cfe0) thrown at [C:\re\workspace\8-2-build-windows-amd64-cygwin\jdk8u181\11358\hotspot\src\share\vm\prims\jni.cpp, line 1613]
Event: 360.529 Thread 0x0000000021378000 Exception <a 'java/lang/NoSuchMethodError': <clinit>> (0x00000007a1c9aa68) thrown at [C:\re\workspace\8-2-build-windows-amd64-cygwin\jdk8u181\11358\hotspot\src\share\vm\prims\jni.cpp, line 1613]
Event: 360.530 Thread 0x0000000021378000 Exception <a 'java/lang/NoSuchMethodError': <clinit>> (0x00000007a1cade98) thrown at [C:\re\workspace\8-2-build-windows-amd64-cygwin\jdk8u181\11358\hotspot\src\share\vm\prims\jni.cpp, line 1613]
Event: 912.501 Thread 0x0000000020c80800 Exception <a 'java/lang/ClassNotFoundException': Initializer_main___9gfr1bwxud93dnvskaleycpl0BeanInfo> (0x00000007a381e5f0) thrown at [C:\re\workspace\8-2-build-windows-amd64-cygwin\jdk8u181\11358\hotspot\src\share\vm\classfile\systemDictionary.cpp, line 
Event: 912.502 Thread 0x0000000020c80800 Exception <a 'java/lang/ClassNotFoundException': Initializer_main___9gfr1bwxud93dnvskaleycpl0Customizer> (0x00000007a382ab18) thrown at [C:\re\workspace\8-2-build-windows-amd64-cygwin\jdk8u181\11358\hotspot\src\share\vm\classfile\systemDictionary.cpp, lin
Event: 914.123 Thread 0x0000000020c80800 Exception <a 'java/lang/ClassNotFoundException': org/gradle/api/tasks/JavaExec_DecoratedBeanInfo> (0x00000007811d7268) thrown at [C:\re\workspace\8-2-build-windows-amd64-cygwin\jdk8u181\11358\hotspot\src\share\vm\classfile\systemDictionary.cpp, line 210]
Event: 914.123 Thread 0x0000000020c80800 Exception <a 'java/lang/ClassNotFoundException': org/gradle/api/tasks/JavaExecBeanInfo> (0x00000007811e8fa8) thrown at [C:\re\workspace\8-2-build-windows-amd64-cygwin\jdk8u181\11358\hotspot\src\share\vm\classfile\systemDictionary.cpp, line 210]
Event: 914.124 Thread 0x0000000020c80800 Exception <a 'java/lang/ClassNotFoundException': org/gradle/api/tasks/JavaExecCustomizer> (0x00000007811fb130) thrown at [C:\re\workspace\8-2-build-windows-amd64-cygwin\jdk8u181\11358\hotspot\src\share\vm\classfile\systemDictionary.cpp, line 210]
Event: 914.128 Thread 0x0000000020c80800 Exception <a 'java/lang/ClassNotFoundException': org/gradle/api/tasks/JavaExec_DecoratedCustomizer> (0x000000078127e760) thrown at [C:\re\workspace\8-2-build-windows-amd64-cygwin\jdk8u181\11358\hotspot\src\share\vm\classfile\systemDictionary.cpp, line 210
Event: 914.172 Thread 0x0000000020c80800 Implicit null exception at 0x0000000003dc4fe1 to 0x0000000003dc509b

Events (10 events):
Event: 918.786 Executing VM operation: RevokeBias done
Event: 918.786 Executing VM operation: RevokeBias
Event: 918.786 Executing VM operation: RevokeBias done
Event: 918.786 Executing VM operation: RevokeBias
Event: 918.786 Executing VM operation: RevokeBias done
Event: 918.786 Executing VM operation: RevokeBias
Event: 918.787 Executing VM operation: RevokeBias done
Event: 919.669 Executing VM operation: ParallelGCFailedAllocation
Event: 919.747 Executing VM operation: ParallelGCFailedAllocation done
Event: 922.408 Executing VM operation: ParallelGCFailedAllocation


Dynamic libraries:
0x00007ff73f7b0000 - 0x00007ff73f7e7000 	C:\Program Files\Java\jdk1.8.0_181\bin\java.exe
0x00007ffc52aa0000 - 0x00007ffc52c90000 	C:\Windows\SYSTEM32\ntdll.dll
0x00007ffc52720000 - 0x00007ffc527d2000 	C:\Windows\System32\KERNEL32.DLL
0x00007ffc50550000 - 0x00007ffc507f3000 	C:\Windows\System32\KERNELBASE.dll
0x00007ffc529b0000 - 0x00007ffc52a53000 	C:\Windows\System32\ADVAPI32.dll
0x00007ffc50b50000 - 0x00007ffc50bee000 	C:\Windows\System32\msvcrt.dll
0x00007ffc51c20000 - 0x00007ffc51cb7000 	C:\Windows\System32\sechost.dll
0x00007ffc52130000 - 0x00007ffc52250000 	C:\Windows\System32\RPCRT4.dll
0x00007ffc52440000 - 0x00007ffc525d3000 	C:\Windows\System32\USER32.dll
0x00007ffc50880000 - 0x00007ffc508a1000 	C:\Windows\System32\win32u.dll
0x00007ffc52910000 - 0x00007ffc52936000 	C:\Windows\System32\GDI32.dll
0x00007ffc508b0000 - 0x00007ffc50a44000 	C:\Windows\System32\gdi32full.dll
0x00007ffc50380000 - 0x00007ffc5041e000 	C:\Windows\System32\msvcp_win.dll
0x00007ffc50450000 - 0x00007ffc5054a000 	C:\Windows\System32\ucrtbase.dll
0x00007ffc3b3f0000 - 0x00007ffc3b675000 	C:\Windows\WinSxS\amd64_microsoft.windows.common-controls_6595b64144ccf1df_6.0.18362.356_none_e6c4af7d130f27cc\COMCTL32.dll
0x00007ffc51540000 - 0x00007ffc51876000 	C:\Windows\System32\combase.dll
0x00007ffc50800000 - 0x00007ffc50880000 	C:\Windows\System32\bcryptPrimitives.dll
0x00007ffc50ca0000 - 0x00007ffc50cce000 	C:\Windows\System32\IMM32.DLL
0x000000005d1e0000 - 0x000000005d2b2000 	C:\Program Files\Java\jdk1.8.0_181\jre\bin\msvcr100.dll
0x000000005c930000 - 0x000000005d1d2000 	C:\Program Files\Java\jdk1.8.0_181\jre\bin\server\jvm.dll
0x00007ffc52250000 - 0x00007ffc52258000 	C:\Windows\System32\PSAPI.DLL
0x00007ffc4c200000 - 0x00007ffc4c209000 	C:\Windows\SYSTEM32\WSOCK32.dll
0x00007ffc4d800000 - 0x00007ffc4d824000 	C:\Windows\SYSTEM32\WINMM.dll
0x00007ffc4a0c0000 - 0x00007ffc4a0ca000 	C:\Windows\SYSTEM32\VERSION.dll
0x00007ffc52940000 - 0x00007ffc529af000 	C:\Windows\System32\WS2_32.dll
0x00007ffc4d460000 - 0x00007ffc4d48d000 	C:\Windows\SYSTEM32\WINMMBASE.dll
0x00007ffc50a50000 - 0x00007ffc50a9a000 	C:\Windows\System32\cfgmgr32.dll
0x000000005c920000 - 0x000000005c92f000 	C:\Program Files\Java\jdk1.8.0_181\jre\bin\verify.dll
0x000000005c8f0000 - 0x000000005c919000 	C:\Program Files\Java\jdk1.8.0_181\jre\bin\java.dll
0x000000005c8d0000 - 0x000000005c8e6000 	C:\Program Files\Java\jdk1.8.0_181\jre\bin\zip.dll
0x00007ffc50cd0000 - 0x00007ffc513b5000 	C:\Windows\System32\SHELL32.dll
0x00007ffc51af0000 - 0x00007ffc51b99000 	C:\Windows\System32\shcore.dll
0x00007ffc4fa30000 - 0x00007ffc501ae000 	C:\Windows\System32\windows.storage.dll
0x00007ffc4f980000 - 0x00007ffc4f99f000 	C:\Windows\System32\profapi.dll
0x00007ffc4f9c0000 - 0x00007ffc4fa0a000 	C:\Windows\System32\powrprof.dll
0x00007ffc4f970000 - 0x00007ffc4f980000 	C:\Windows\System32\UMPDC.dll
0x00007ffc51880000 - 0x00007ffc518d2000 	C:\Windows\System32\shlwapi.dll
0x00007ffc4f9a0000 - 0x00007ffc4f9b1000 	C:\Windows\System32\kernel.appcore.dll
0x00007ffc50360000 - 0x00007ffc50377000 	C:\Windows\System32\cryptsp.dll
0x000000005c8b0000 - 0x000000005c8ca000 	C:\Program Files\Java\jdk1.8.0_181\jre\bin\net.dll
0x00007ffc4f1e0000 - 0x00007ffc4f247000 	C:\Windows\system32\mswsock.dll
0x000000005c890000 - 0x000000005c8a1000 	C:\Program Files\Java\jdk1.8.0_181\jre\bin\nio.dll
0x00007ffc45af0000 - 0x00007ffc45b0e000 	C:\Users\Diyng\.gradle\native\25\windows-amd64\native-platform.dll
0x000000005c880000 - 0x000000005c88d000 	C:\Program Files\Java\jdk1.8.0_181\jre\bin\management.dll
0x00007ffc4ed50000 - 0x00007ffc4ed83000 	C:\Windows\system32\rsaenh.dll
0x00007ffc50420000 - 0x00007ffc50446000 	C:\Windows\System32\bcrypt.dll
0x00007ffc4f890000 - 0x00007ffc4f8b5000 	C:\Windows\SYSTEM32\USERENV.dll
0x00007ffc4f3b0000 - 0x00007ffc4f3bc000 	C:\Windows\SYSTEM32\CRYPTBASE.dll
0x00007ffc4eef0000 - 0x00007ffc4ef2a000 	C:\Windows\SYSTEM32\IPHLPAPI.DLL
0x00007ffc513c0000 - 0x00007ffc513c8000 	C:\Windows\System32\NSI.dll
0x00007ffc499f0000 - 0x00007ffc49a06000 	C:\Windows\SYSTEM32\dhcpcsvc6.DLL
0x00007ffc499d0000 - 0x00007ffc499ec000 	C:\Windows\SYSTEM32\dhcpcsvc.DLL
0x00007ffc4ef30000 - 0x00007ffc4effa000 	C:\Windows\SYSTEM32\DNSAPI.dll
0x000000005c850000 - 0x000000005c874000 	C:\Program Files\Java\jdk1.8.0_181\jre\bin\sunec.dll
0x000000005c840000 - 0x000000005c84b000 	C:\Program Files\Java\jdk1.8.0_181\jre\bin\sunmscapi.dll
0x00007ffc50210000 - 0x00007ffc50359000 	C:\Windows\System32\CRYPT32.dll
0x00007ffc4fa10000 - 0x00007ffc4fa22000 	C:\Windows\System32\MSASN1.dll
0x00007ffc46120000 - 0x00007ffc4612a000 	C:\Windows\System32\rasadhlp.dll
0x00007ffc497f0000 - 0x00007ffc49867000 	C:\Windows\System32\fwpuclnt.dll
0x00007ffc49cb0000 - 0x00007ffc49ea4000 	C:\Windows\SYSTEM32\dbghelp.dll

VM Arguments:
jvm_args: -Xmx3G -Dfile.encoding=windows-1252 -Duser.country=BR -Duser.language=pt -Duser.variant 
java_command: org.gradle.launcher.daemon.bootstrap.GradleDaemon 4.8.1
java_class_path (initial): C:\Users\Diyng\.gradle\wrapper\dists\gradle-4.8.1-all\6fmj4nezasjg1b7kkmy10xgo2\gradle-4.8.1\lib\gradle-launcher-4.8.1.jar
Launcher Type: SUN_STANDARD

Environment Variables:
PATH=C:\Program Files\AdoptOpenJDK\jdk-8.0.275.1-hotspot\bin;C:\Program Files (x86)\Common Files\Oracle\Java\javapath;C:\Windows\system32;C:\Windows;C:\Windows\System32\Wbem;C:\Windows\System32\WindowsPowerShell\v1.0\;C:\Windows\System32\OpenSSH\;C:\Users\Diyng\AppData\Local\Programs\Python\Python37\Scripts\;C:\Users\Diyng\AppData\Local\Programs\Python\Python37\;C:\Users\Diyng\AppData\Local\Microsoft\WindowsApps;C:\Users\Diyng\AppData\Local\GitHubDesktop\bin;C:\Program Files\JetBrains\IntelliJ IDEA Community Edition 2020.3\bin;
USERNAME=Diyng
OS=Windows_NT
PROCESSOR_IDENTIFIER=Intel64 Family 6 Model 58 Stepping 9, GenuineIntel



---------------  S Y S T E M  ---------------

OS: Windows 10.0 , 64 bit Build 18362 (10.0.18362.329)

CPU:total 4 (initial active 4) (2 cores per cpu, 2 threads per core) family 6 model 58 stepping 9, cmov, cx8, fxsr, mmx, sse, sse2, sse3, ssse3, sse4.1, sse4.2, popcnt, avx, clmul, erms, ht, tsc, tscinvbit, tscinv

Memory: 4k page, physical 8334076k(1792608k free), swap 10300156k(1386412k free)

vm_info: Java HotSpot(TM) 64-Bit Server VM (25.181-b13) for windows-amd64 JRE (1.8.0_181-b13), built on Jul  7 2018 04:01:33 by "java_re" with MS VC++ 10.0 (VS2010)

time: Sun Dec 27 21:59:28 2020
elapsed time: 922 seconds (0d 0h 15m 22s)

